160
4 28 2 4 9
4 35 30 37 39
4 93 42 43 49
4 97 51 53 57
4 190 58 62 63
4 196 67 68 74
4 197 75 77 82
4 252 83 84 85
4 286 87 88 94
4 333 96 98 102
4 369 103 110 118
4 420 122 125 126
4 423 127 130 131
4 441 133 134 135
4 12 161 137 140
4 33 222 142 143
4 47 183 145 146
4 165 223 150 157
4 300 224 167 168
4 326 206 169 171
4 482 178 173 176
4 1 112 179 184
4 14 359 191 194
4 21 160 202 205
4 256 32 209 211
4 279 36 215 216
4 299 56 220 227
4 306 69 228 229
4 315 144 232 238
4 322 203 239 241
4 330 295 243 246
4 421 46 248 250
4 454 468 253 255
4 7 34 257 260
4 17 225 262 265
4 86 353 270 272
4 154 19 275 281
4 189 0 287 290
4 212 463 291 293
4 334 193 296 297
4 352 20 303 305
4 358 60 308 309
4 414 311 312 313
4 492 162 314 316
4 11 141 317 318
4 64 371 321 323
4 72 71 340 327
4 73 123 342 331
4 120 219 335 338
4 156 231 343 344
4 158 213 346 349
4 170 177 354 355
4 182 147 357 366
4 266 108 368 370
4 301 472 386 374
4 319 329 380 381
4 337 350 382 383
4 410 298 389 393
4 443 240 398 402
4 462 52 404 406
3 484 23 465
3 495 175 408
3 38 324 416
3 48 486 478
3 111 5 436
3 113 65 41
3 155 166 413
3 210 439 435
3 221 18 44
3 234 264 426
3 261 405 440
3 310 117 490
3 376 452 415
3 434 263 136
3 448 159 54
3 451 360 471
3 475 218 66
3 15 419 412
3 61 8 79
3 181 356 25
3 187 433 95
3 199 277 115
3 208 236 186
3 249 149 172
3 258 273 466
3 271 31 294
3 288 385 217
3 292 99 27
3 320 3 92
3 367 201 59
3 387 6 45
3 396 24 429
3 409 139 362
3 430 455 411
3 445 89 114
3 473 498 121
3 499 302 124
3 10 163 394
3 13 105 80
3 55 180 185
3 90 91 276
3 188 235 29
3 192 242 100
3 214 328 345
3 230 364 50
3 268 424 474
3 278 283 116
3 336 442 16
3 348 384 81
3 351 397 449
3 375 497 259
3 388 400 422
3 391 407 107
3 392 437 128
3 399 467 274
3 403 444 40
3 427 76 106
3 431 26 109
3 438 138 153
3 447 78 200
2 459 104
2 22 148
2 70 129
2 101 119
2 132 164
2 151 195
2 152 204
2 174 226
2 198 207
2 233 237
2 244 245
2 247 254
2 251 267
2 269 280
2 282 284
2 285 289
2 304 325
2 307 332
2 339 347
2 341 361
2 363 365
2 372 373
2 377 378
2 379 401
2 390 395
2 425 417
2 432 453
2 446 418
2 450 460
2 461 428
2 494 456
2 457 458
2 464 469
2 470 476
2 477 479
2 480 481
2 483 485
2 487 488
2 489 491
2 493 496
