1628
4 5357 5121 8148 6404
4 421 5913 2589 6255
4 5583 8785 6584 3629
4 9906 3987 7710 5231
4 1737 7529 4386 2094
4 5796 9487 1756 2584
4 6735 8197 8754 998
4 2395 2861 59 6312
4 6655 7923 8873 7569
4 7704 7444 6632 7262
4 5515 9612 8452 7796
4 2489 398 8407 5905
4 820 604 1248 9213
4 1729 9004 6459 8603
4 7549 7064 9529 5886
4 4848 8733 8189 6839
4 8437 9354 1524 4233
4 4449 5744 4100 1287
4 4318 4574 8479 6476
4 9483 6823 5416 9620
4 3904 3626 2545 9383
4 7108 5427 2061 4004
4 3697 973 7792 9131
4 1396 2155 4041 847
4 370 9247 9618 5363
4 3015 3135 4631 4863
4 4644 1492 44 6668
4 2222 2843 8284 2752
4 7168 2687 8854 2117
4 5570 453 1561 9765
4 7100 3505 4036 674
4 461 1423 3273 7936
4 8775 8287 3295 2932
4 1385 8591 6640 2345
4 8004 5616 2096 6639
4 3715 5918 4147 5592
4 9813 6762 2598 666
4 3420 5090 1556 2331
4 2935 1677 9959 4695
4 5251 3825 1114 8119
4 1081 5001 6756 8384
4 8689 9818 6196 948
4 1388 864 9888 7525
4 5989 683 8911 5526
4 4106 6613 3942 8320
4 4194 5052 936 7819
4 4473 3484 7369 7863
4 5083 3149 9128 2968
4 5211 8585 132 2819
4 2459 4670 8777 8814
4 7515 7577 876 8240
4 2246 9256 752 110
4 962 7290 8991 2723
4 7939 7368 7950 3656
4 8837 2196 684 3176
4 3457 2728 8636 4808
4 8392 7208 2212 371
4 7101 9267 5791 2475
4 281 63 8641 2064
4 2499 714 1013 5651
4 6240 5602 7259 2548
4 9614 4090 1491 7937
4 1101 4916 3024 3678
4 9019 1071 5048 2124
4 9894 1004 839 4685
4 7834 4405 3765 6170
4 7945 4961 5945 6677
4 7198 8152 1707 2070
4 1115 3302 4579 5042
4 9965 3272 3647 7135
4 1233 9986 3795 384
4 2141 6782 9295 2080
4 7104 1734 7201 7540
4 2008 5101 5773 4430
4 7927 3499 4702 7961
4 854 1164 336 5046
4 6495 2558 8058 8612
4 2115 49 6702 7757
4 1214 7896 5653 4886
4 4957 1341 5214 4964
4 443 4788 2922 6176
4 4917 8063 5772 1146
4 7409 8639 3940 7202
4 7825 976 4983 4509
4 1830 7313 2964 82
4 6381 9568 9307 5295
4 3463 6107 5713 3096
4 818 4874 5982 4135
4 3792 3047 7595 3607
4 2727 71 3309 7516
4 2228 887 4322 8608
4 2274 8485 3896 1210
4 8338 3228 1851 6168
4 9305 4240 7136 4406
4 6252 3566 8322 7551
4 636 3293 4925 9433
4 1353 9866 7543 6935
4 5310 9129 4940 6550
4 7305 1203 9527 5625
4 1988 1955 1671 594
4 8745 5383 9795 7326
4 7145 1812 47 7
4 4185 4131 5219 8116
4 3437 4141 3114 4637
4 7579 8465 2456 8851
4 1322 1450 4235 1742
4 9552 1094 5873 7359
4 4167 3142 5494 9525
4 2259 1934 766 3686
4 9 1713 9690 532
4 3042 5006 4074 2962
4 7231 4655 8803 8387
4 5652 9539 7583 8250
4 2686 727 4657 2736
4 4561 3357 7715 954
4 3844 8553 723 4374
4 9263 2481 6129 9235
4 3072 7088 2293 9532
4 1050 2982 2759 4102
4 1895 62 4475 7083
4 4847 4112 3196 6957
4 7447 7648 7196 1946
4 9917 213 859 7308
4 8736 9196 3337 2342
4 3519 1591 2652 9063
4 8332 2726 4320 2060
4 7032 8375 4619 2045
4 8010 5163 6882 2340
4 9946 4076 3155 850
4 6547 5777 8193 8767
4 1418 3689 7725 2749
4 1724 5904 9119 8644
4 6611 992 2642 4402
4 1568 3170 6178 2544
4 9106 1433 4638 3889
4 5172 3672 5686 4912
4 4490 5729 7851 2085
4 4995 6558 3757 8478
4 9966 6534 3648 3775
4 1621 9576 7494 9747
4 586 3542 201 120
4 8626 9344 6038 3781
4 6913 3257 7643 774
4 7451 4139 2628 8601
4 2828 3112 5156 4058
4 6571 7464 1763 403
4 4550 6567 328 9542
4 5931 7545 7814 7148
4 8138 8186 9713 6467
4 8397 3593 6537 4150
4 2323 7862 8997 2870
4 676 2862 9151 8242
4 4244 2213 3376 3451
4 6134 2795 58 6147
4 9302 18 8115 2814
4 3475 2308 4480 4390
4 2300 4959 8233 7316
4 9275 5081 7445 9559
4 6927 8865 4044 1383
4 7079 8187 9528 3840
4 2036 8267 3708 1711
4 5366 8259 8849 7166
4 9900 9320 446 7703
4 3869 7673 8506 6171
4 5609 778 1160 5845
4 2123 1839 8094 5540
4 3842 2305 8616 7267
4 8079 9243 4837 1049
4 9873 11 7944 9374
4 1936 2313 9605 4284
4 2160 2243 245 8101
4 2267 1552 3526 8430
4 3583 2023 6359 5854
4 654 9514 3126 6050
4 1136 1509 3106 5096
4 333 6123 8286 2985
4 8167 3950 7953 6580
4 3913 5359 9289 7385
4 5136 8509 2282 8367
4 5324 9921 2944 2203
4 7726 373 65 4498
4 687 6300 5209 7522
4 4551 7466 8036 1231
4 2920 2674 8348 6842
4 4902 6777 3745 1767
4 7008 706 1359 3002
4 2535 9784 177 5665
4 1845 3253 6481 9732
4 3618 2817 2994 1817
4 3632 9856 6060 3899
4 1427 4690 4965 7026
4 7922 2718 6582 8026
4 9340 9722 6985 4516
4 5600 9942 8834 2941
4 6989 9283 3229 9649
4 8701 7756 4151 522
4 463 593 8563 8721
4 7700 7050 6638 6329
4 5622 780 8047 8346
4 3083 1096 2572 1996
4 5919 9111 9691 1085
4 7920 8253 2364 103
4 8697 7209 1357 4351
4 6313 4951 9366 7212
4 2619 6477 1372 9443
4 9252 717 3368 251
4 745 9778 709 6363
4 1336 3356 4352 3485
4 2571 2009 2112 3089
4 4137 4582 9123 565
4 5962 8839 5909 7671
4 2802 67 2351 3443
4 6316 6426 9779 7629
4 1861 8477 7981 9365
4 6602 9751 1976 9124
4 2647 8811 8751 645
4 5891 257 7119 332
4 2905 1340 4259 9154
4 6994 8614 214 9806
4 8199 5492 2095 8200
4 6 7489 1787 9325
4 5793 3214 2162 1510
4 171 6415 3062 5733
4 2536 7330 8003 5330
4 1202 2957 8923 1001
4 3379 3496 7911 4477
4 4884 60 5593 750
4 9585 1701 6914 1344
4 4134 9546 9629 8947
4 4293 4867 9968 4557
4 4357 9511 8163 9930
4 3308 5239 5544 9974
4 188 6666 877 5991
4 1820 1717 5149 5244
4 8501 9363 6297 7344
4 8529 8835 1740 7391
4 1975 4222 2776 9550
4 5236 7057 8658 1800
4 5518 4727 5970 6342
4 6956 6188 7613 9166
4 7934 5332 3750 1505
4 8779 8651 8168 9545
4 4711 1249 8040 7647
4 321 7439 2575 4717
4 1351 296 4572 7153
4 1564 4977 4331 7210
4 924 1883 8915 9426
4 1364 5529 1965 5758
4 3730 7677 9419 1522
4 4696 8431 9962 7415
4 2245 4161 5720 6616
4 3120 8990 9341 2509
4 791 3473 5131 1743
4 1747 5488 9271 6738
4 3579 2043 5728 1714
4 4415 1061 7699 797
4 5028 2265 3655 8449
4 5808 2573 7972 8579
4 5683 6419 1523 7250
4 5835 8056 8866 264
4 96 6627 7824 8418
4 767 3223 3087 6042
4 5074 902 9397 3830
4 55 8548 9569 5155
4 301 3834 9626 7524
4 1673 3845 9572 8607
4 6273 631 3306 385
4 1200 6144 8470 197
4 2952 2089 3978 6742
4 773 1508 9797 6410
4 1178 1636 4649 4870
4 1889 8625 4367 3271
4 9566 6336 8487 6226
4 9853 7567 2809 407
4 3167 5553 9048 7155
4 6309 6377 8132 8702
4 2055 8659 3870 6192
4 3137 1476 5864 9250
4 4960 8183 8707 2353
4 1810 1948 5375 2612
4 3905 4600 3791 8940
4 7436 3673 9689 9871
4 7748 4524 9952 1912
4 730 6747 6058 9718
4 3557 4079 5610 875
4 278 9843 5308 7412
4 1228 6769 6384 1998
4 2486 3944 4861 2000
4 8671 3 1483 6198
4 4043 9746 85 8204
4 4200 9265 3367 5476
4 283 432 836 3997
4 3001 6028 7443 9078
4 1429 8677 6662 3857
4 7253 8172 1853 7103
4 2912 7302 1040 5207
4 5170 7880 6010 4607
4 1140 8453 7095 915
4 8297 4706 8442 4527
4 9507 7118 2927 5203
4 263 6146 6981 9755
4 884 3278 7319 9695
4 1587 6578 1720 7696
4 4179 3028 1378 3885
4 4532 5849 3736 7296
4 4469 995 4617 4565
4 6012 8683 8670 5174
4 6483 1708 634 8692
4 513 2585 6757 9908
4 3022 6110 5803 7978
4 3728 8964 6320 4307
4 464 3508 7617 3518
4 1224 8929 4883 1152
4 1821 4474 8750 4871
4 7618 7861 8722 8895
4 1037 1542 3561 1526
4 1253 1073 7678 520
4 2877 3877 8932 9880
4 6370 4038 3375 137
4 7603 9359 7536 7041
4 1681 3037 559 5197
4 6444 1484 1684 7759
4 6498 3362 4439 2488
4 1117 8328 3248 7823
4 1923 4786 6367 7178
4 2939 5785 7870 2798
4 9464 5902 8956 9599
4 1116 2627 2937 5462
4 1154 8524 1261 5998
4 1571 4521 5705 1833
4 3892 3853 8637 8466
4 4361 2592 3511 174
4 4292 4975 6296 1361
4 5278 9197 3107 3055
4 8874 3544 5547 9907
4 5823 9769 6577 172
4 916 6605 1712 4668
4 5341 7255 6389 6965
4 5839 7463 6656 8516
4 6231 6220 846 145
4 9849 4946 17 6856
4 56 5941 5250 6938
4 970 2600 9014 844
4 2566 3769 1726 9425
4 8527 2368 9961 7130
4 2185 9350 5503 9895
4 5378 9984 2106 6266
4 5441 208 3134 3050
4 529 7238 451 525
4 760 5548 8714 9092
4 7215 5151 5563 2165
4 10 4604 1122 688
4 6715 1430 7363 1570
4 297 3746 3516 4731
4 738 9121 2716 1963
4 1234 8363 556 1765
4 3969 9741 6752 5271
4 4663 5446 2407 6364
4 7740 6540 2649 6133
4 8931 1487 6526 4093
4 923 6205 9168 5017
4 1601 164 926 8833
4 5649 1197 9597 7149
4 6583 7218 5118 9182
4 912 5579 8081 3540
4 1827 9450 139 9390
4 2766 7624 1589 8044
4 5325 7839 7346 8293
4 7778 9161 8059 9214
4 3104 2295 7558 8650
4 8239 4491 7152 117
4 2007 8673 4230 5013
4 2221 6396 5007 9246
4 3258 7499 2309 211
4 4990 7518 6149 5056
4 1648 8161 2484 3973
4 5948 628 3691 5899
4 2804 3674 2836 8198
4 4627 6451 87 642
4 5574 2555 7983 480
4 5627 9594 2127 6623
4 6052 2848 5875 900
4 8824 2125 6721 9414
4 2879 7204 2811 656
4 4126 9490 28 6102
4 7692 1015 9719 7151
4 1010 6680 8305 7954
4 8617 5879 6645 6215
4 9135 1825 178 7278
4 2590 3029 3932 1620
4 3276 7318 1876 2516
4 8247 8609 4555 1847
4 3608 597 2872 4650
4 3828 5513 6157 206
4 7752 3677 9286 1943
4 8653 9471 6193 9580
4 9588 4859 6256 1735
4 289 3239 8606 8652
4 1866 6731 9776 6036
4 3480 1856 3692 1632
4 5487 931 7888 6703
4 1159 7375 2697 1464
4 2538 4170 8578 9382
4 4671 1393 6152 6053
4 5824 9852 4792 4522
4 590 6350 8134 2226
4 1056 6685 3132 9276
4 1311 9499 1129 1642
4 5815 307 5061 9241
4 1819 8537 6531 4933
4 3527 1260 3092 2999
4 3808 3891 8258 5981
4 4573 5559 3895 6741
4 834 7875 9637 6443
4 1205 4496 2190 1877
4 5058 8434 1994 1888
4 6111 7764 151 7777
4 124 5094 6984 2490
4 2732 1874 9407 53
4 4054 1718 8468 7413
4 6206 8967 1562 589
4 7105 8684 4725 7475
4 8342 9238 142 9675
4 236 4611 4661 9165
4 290 7542 3573 2020
4 2705 6228 1884 4055
4 4997 9326 7734 7610
4 9799 4091 5371 7993
4 2091 4865 4857 4442
4 2428 4814 6932 5710
4 3980 4636 6306 7361
4 7512 9714 9376 4989
4 9748 7884 6651 2461
4 1704 6676 8035 9730
4 5418 4692 3558 1837
4 253 6628 3802 2765
4 3297 8907 9602 6557
4 4592 7219 8032 5235
4 4774 540 7526 2241
4 9530 7286 5644 4703
4 9761 9864 1440 4875
4 1445 4381 3924 4066
4 6155 6849 4187 7003
4 7406 5044 9976 898
4 7659 3912 8423 2565
4 362 735 7090 5794
4 648 4926 4716 4410
4 1282 2254 8176 7733
4 2854 6365 4506 9523
4 4363 8123 1595 9016
4 5517 5035 2400 4559
4 2887 6827 6733 2806
4 3654 3945 5916 358
4 3839 5020 1406 1339
4 6326 4904 1598 9896
4 7662 7841 6366 4656
4 1023 9650 6380 7037
4 3531 7594 6794 3553
4 4771 4089 9922 8241
4 5671 4064 6976 8597
4 7074 7382 2320 9453
4 534 3498 5530 2081
4 3567 6289 5389 5474
4 1467 7356 1533 8333
4 2006 5355 2457 1422
4 3422 960 5205 1471
4 4773 147 6436 6076
4 6673 3906 622 7683
4 1332 1723 5336 9220
4 4412 9988 210 2783
4 7374 8861 7432 6988
4 9368 5898 8938 8894
4 404 6800 1609 9848
4 2375 33 3760 4720
4 4879 7914 2874 6528
4 8432 2907 4375 9879
4 9456 146 489 5489
4 689 2389 6778 9468
4 1584 4478 4766 2398
4 4495 6857 4639 6514
4 6361 5178 7785 7419
4 8019 6490 2381 1021
4 909 5551 3718 7821
4 3323 8889 3145 5457
4 8376 8715 7768 7917
4 2462 3244 9561 8648
4 3704 5633 7818 4452
4 4011 7534 9726 7426
4 5086 7249 9043 1529
4 7943 9361 7530 7230
4 8153 7310 3582 3882
4 737 2260 8954 6340
4 2401 8898 1930 6585
4 3617 5869 9684 3559
4 5856 7175 39 8043
4 6784 9192 4026 6202
4 8150 9072 5776 9703
4 396 8845 8425 5467
4 3595 3914 2129 6016
4 7592 3983 3299 9122
4 8823 4057 635 3428
4 150 4953 7990 3153
4 1512 198 8325 1922
4 3352 9631 5461 9971
4 5901 5380 7454 3371
4 6208 3749 3966 5724
4 6870 2191 6466 8712
4 8299 1090 9143 5920
4 835 5085 9222 2134
4 1952 5255 3136 5615
4 5865 804 947 9549
4 7013 3339 3985 9429
4 8679 7010 8682 5556
4 1886 3188 6649 7956
4 4202 4907 9183 9221
4 4467 32 4823 4704
4 5522 6834 8746 7116
4 5832 5896 7770 7221
4 359 9802 7689 1100
4 512 1507 45 9667
4 3075 5531 8519 7480
4 7596 4640 7966 3129
4 8238 149 6724 9606
4 9062 1347 2924 6421
4 711 1822 4124 313
4 3564 2167 4016 9173
4 9091 3011 4208 6574
4 9734 2277 6264 8632
4 9828 170 3641 6705
4 678 3811 5908 6873
4 1761 4887 0 6184
4 6700 7220 7970 2707
4 7809 2148 6243 3322
4 9868 4465 5566 300
4 1256 6446 7964 2198
4 2343 7876 5164 471
4 5756 2024 8196 6160
4 7186 3991 4514 6659
4 7731 3694 8264 5954
4 8276 5451 9573 8263
4 849 5047 6553 6203
4 1382 5584 1047 2278
4 6811 3724 6248 8562
4 9096 9459 6015 7984
4 611 2467 2495 7425
4 3020 1908 9891 9987
4 3121 2672 6522 4708
4 5939 6637 4659 5657
4 4335 6681 9752 6726
4 4949 5166 9210 8027
4 5277 7975 9299 5721
4 6903 9978 7424 1174
4 8517 9996 8908 8752
4 1044 1157 1199 4511
4 2983 4340 9583 5449
4 6596 3818 5040 5362
4 6942 7386 541 4992
4 8133 8801 1569 7727
4 1179 9328 5240 6648
4 1181 4215 2875 2296
4 2367 2337 433 1593
4 3681 3226 9068 5836
4 5860 5947 4419 3203
4 8711 1411 1616 6112
4 708 5763 7521 1668
4 1106 4790 7384 6351
4 3127 6017 8210 8160
4 3412 8143 2506 3894
4 9038 9633 6719 8413
4 562 3517 4052 6713
4 2062 7509 514 6022
4 5173 4456 204 8202
4 8222 6478 9721 2702
4 9836 4206 8696 3031
4 825 5813 1400 1381
4 1840 7500 9486 968
4 3563 355 5536 6492
4 4286 2025 2601 2120
4 6246 8667 2159 5198
4 5157 3105 5872 8828
4 5496 5730 608 465
4 7555 8006 7877 8864
4 8863 889 2437 3004
4 1751 6280 8139 6275
4 1768 8336 2954 7633
3 4359 4188 4958
3 8810 70 1062
3 1012 919 3809
3 1409 240 8031
3 1535 4742 8977
3 2329 3596 9028
3 3330 6864 2033
3 4092 530 4858
3 6051 4943 9935
3 7751 955 7614
3 8876 9920 8089
3 9995 4228 8137
3 234 1843 3311
3 1321 6263 1330
3 2578 5606 8919
3 3235 270 4000
3 3657 131 5368
3 3972 7397 1640
3 4801 9198 978
3 6960 430 1036
3 9269 5751 500
3 9418 8215 3926
3 431 2746 9187
3 456 7729 9716
3 5082 9519 3939
3 6576 6008 5245
3 7924 1750 620
3 8454 9600 5208
3 9768 2661 2786
3 97 6097 4301
3 372 2604 2193
3 1939 439 5986
3 2762 9699 4798
3 2949 9201 4534
3 4046 6698 6003
3 6964 9584 4942
3 7995 9767 8401
3 9332 1980 3956
3 9446 9538 1519
3 136 8447 5191
3 673 1475 2074
3 1259 9086 4221
3 1744 2632 7663
3 2072 6161 6352
3 2977 9431 2772
3 4796 2514 2713
3 6761 9656 2102
3 6890 6565 5482
3 7170 3590 6835
3 885 7991 1318
3 1796 7407 9398
3 2694 183 3212
3 6824 8252 9944
3 6844 8180 9075
3 7457 8822 37
3 24 2595 3060
3 956 3370 1961
3 1649 8326 5752
3 2399 4104 6809
3 3280 6887 86
3 6137 3344 7554
3 8383 4238 7586
3 8435 5732 1279
3 8568 2207 4839
3 9413 9083 3793
3 1694 4502 3364
3 4387 4635 5666
3 4777 9855 5994
3 6121 6197 7800
3 6450 2891 6463
3 7674 2881 4783
3 7881 6302 7724
3 7895 2953 6972
3 8037 1546 1983
3 8859 1755 8815
3 457 458 4358
3 2297 3822 7320
3 7461 1538 6959
3 7471 4595 9137
3 9036 6963 8314
3 487 3543 7812
3 602 8900 9094
3 756 7410 8486
3 4248 2608 5168
3 4400 2903 4339
3 5897 7362 2144
3 7357 4434 9047
3 9009 4596 9578
3 335 2149 462
3 2210 3052 1371
3 2596 4399 7206
3 3141 392 8093
3 3951 7094 9215
3 4116 8353 8930
3 5024 6311 2785
3 6471 6506 2741
3 6915 7387 1536
3 8766 2610 2859
3 9035 2028 1453
3 221 3021 4504
3 801 3347 9659
3 2956 40 4069
3 3875 6332 6353
3 9114 2892 3887
3 9564 3651 5066
3 9838 4994 5181
3 1161 168 7850
3 1678 5233 8028
3 1688 3789 6127
3 2837 2412 8022
3 5628 4982 4097
3 6448 2469 6175
3 6818 7078 9651
3 6925 4877 4736
3 7602 802 842
3 7889 2059 840
3 31 9709 725
3 6148 8663 644
3 6232 9820 511
3 502 2307 1426
3 739 7632 5106
3 1009 1778 9540
3 2683 6229 9595
3 2685 7959 4688
3 4291 8438 5128
3 5125 8543 4488
3 6328 9394 4567
3 6944 639 152
3 7557 9993 325
3 7694 393 8737
3 7859 78 4549
3 343 615 3841
3 402 3012 9678
3 1220 1959 3318
3 2101 2169 2950
3 5817 8576 229
3 6699 4689 1869
3 6725 1043 7960
3 8426 9015 7971
3 9223 5959 8804
3 613 7395 1165
3 4787 5631 9489
3 5558 4099 3743
3 5719 34 5422
3 6473 5882 3679
3 7742 4031 5676
3 68 9227 1807
3 793 7423 1377
3 848 5190 8097
3 2388 8643 7803
3 6034 8256 467
3 8950 1080 7631
3 726 953 6952
3 1979 3123 4826
3 2242 7314 3903
3 2472 9957 7697
3 3555 305 6005
3 4855 6746 252
3 4880 579 7581
3 6315 7532 7994
3 8903 640 2304
3 13 413 4723
3 20 1167 7132
3 1270 2002 5731
3 1892 6452 6563
3 3515 76 3509
3 3698 4969 153
3 5443 5850 9887
3 5881 6225 9475
3 7430 2137 4811
3 9892 1590 6479
3 477 4298 7176
3 860 1502 57
3 2164 5212 395
3 2215 5951 4078
3 2669 740 6357
3 3396 8571 3665
3 4047 6922 5863
3 7666 8398 4173
3 8629 9274 9280
3 346 6046 7826
3 2929 4750 7713
3 3621 193 293
3 4267 649 1369
3 4451 5146 6189
3 5950 6674 5829
3 6095 1549 6291
3 7496 1586 937
3 414 2527 5026
3 1953 2232 3246
3 2019 2432 2799
3 2358 4155 7036
3 2629 3233 6104
3 2898 4279 3761
3 3581 7951 9524
3 4245 5161 4747
3 4246 4922 568
3 4554 4679 1416
3 7906 8206 9830
3 8212 949 3902
3 9337 4249 554
3 83 8821 1276
3 3146 7024 6210
3 3449 6544 7194
3 4662 5346 8986
3 6740 2533 2824
3 7252 7804 9065
3 7565 8456 9157
3 868 1504 7813
3 1084 1194 3161
3 1286 2751 4030
3 1650 3261 444
3 2531 2634 9526
3 3482 6244 23
3 3504 3838 4767
3 4311 4314 9234
3 5895 16 7653
3 9313 2668 3911
3 1516 4537 4856
3 1793 8229 9105
3 2529 3263 3748
3 3431 3773 6270
3 3806 5714 3332
3 4653 6630 1032
3 5200 7743 1031
3 5387 8675 1118
3 7197 1250 9680
3 7236 1532 9333
3 8498 6664 9458
3 9294 2047 4328
3 9543 1514 9958
3 982 1527 4501
3 2303 3174 2442
3 3930 6294 7018
3 4176 7490 7963
3 4398 5401 8277
3 5672 8965 1201
3 6258 9496 9488
3 8440 9635 8201
3 9692 3316 4841
3 9810 675 8642
3 1296 4623 6510
3 1452 1891 2671
3 1986 4001 6920
3 4578 4892 5373
3 4914 6245 7150
3 5237 6828 6494
3 6612 2264 3880
3 7559 1618 3407
3 8355 2712 3125
3 8952 499 6693
3 9551 1027 8289
3 1606 2143 8729
3 2422 3513 9022
3 3824 4935 5175
3 4713 5834 5043
3 5059 6430 6852
3 5199 5980 4898
3 6569 3747 6962
3 6744 6822 4164
3 8179 9085 4095
3 8654 9260 3099
3 8727 4775 9251
3 9711 365 5769
3 225 459 4447
3 858 7622 7828
3 4144 8177 9002
3 4605 5641 8897
3 6093 9149 8235
3 7761 2328 7237
3 8067 4407 123
3 8918 30 8981
3 9858 3570 9181
3 115 5400 3274
3 3147 7957 8593
3 5097 9272 185
3 6604 7418 4562
3 8808 1058 8567
3 9655 1806 9985
3 1898 2335 1669
3 1951 2402 8108
3 3547 6130 2235
3 6118 6846 94
3 6600 8382 5471
3 7600 4156 4694
3 7849 9611 3355
3 9624 1978 7665
3 576 1110 7721
3 1132 6766 7899
3 1865 5098 6851
3 2570 2946 7190
3 4482 4558 2220
3 5831 8472 7085
3 6002 6323 6727
3 6126 8756 6899
3 6398 2205 5077
3 6590 8978 4197
3 7048 4325 4546
3 9073 2466 4804
3 1639 2046 9771
3 2240 4840 3587
3 5442 7273 8734
3 6078 6090 7315
3 6472 7127 7868
3 6669 8806 3883
3 6993 8340 2333
3 7247 8753 9338
3 7616 8393 2591
3 8388 896 1754
3 9927 2582 6711
3 473 1288 5019
3 1835 5505 7329
3 3078 5041 6304
3 3615 5944 8372
3 4489 7693 419
3 5812 6524 7634
3 6223 7805 7460
3 8129 8572 1848
3 9613 9745 5621
3 9859 160 516
3 899 2911 1849
3 1266 5323 101
3 1271 1774 6560
3 2105 2294 22
3 2216 6774 3884
3 3506 143 3324
3 4564 1313 9003
3 8640 2549 4172
3 1137 1192 2199
3 1212 3878 1086
3 2234 2730 5140
3 3265 7275 5276
3 3664 5800 6356
3 5189 5613 9013
3 5460 6697 2136
3 5702 6739 2754
3 6671 6990 9877
3 7815 9948 1653
3 8573 9603 8996
3 2237 4308 2793
3 3038 4312 8994
3 3281 3933 7491
3 3439 6803 5134
3 4746 3402 7686
3 7121 7123 6064
3 8021 9134 6581
3 417 558 2453
3 753 1461 6023
3 906 1699 9029
3 2390 2781 4255
3 3097 3578 4196
3 3849 5397 3782
3 4217 7931 550
3 5171 9261 9194
3 5268 9679 2289
3 6063 8773 1170
3 9744 2417 5598
3 381 1127 1488
3 796 1480 4599
3 1656 2268 5253
3 2016 2852 5426
3 3873 4918 1624
3 4136 4818 8411
3 4394 5903 6035
3 5234 6831 1093
3 5523 9230 2775
3 6414 6595 7510
3 6636 1783 2951
3 8084 9844 219
3 8716 159 2621
3 9008 2444 8049
3 472 828 6520
3 1172 3817 5246
3 2406 3131 3888
3 3381 3491 4678
3 4613 4630 8166
3 6096 6132 7400
3 6261 7233 7786
3 7117 8793 279
3 8316 8464 8759
3 8789 9759 893
3 9901 217 610
3 133 1404 2731
3 845 2068 4910
3 1627 1665 3965
3 1814 2334 3300
3 1867 1985 6529
3 3262 4094 8987
3 3334 3442 5966
3 3783 5736 6432
3 5770 6227 8633
3 6373 7788 1801
3 6517 6953 2065
3 7309 7684 1221
3 7903 8539 3401
3 8618 218 1781
3 1208 2281 4487
3 1836 2711 4193
3 2554 2987 3312
3 2750 3584 669
3 3721 4088 4932
3 3744 5391 8165
3 4479 5313 9575
3 5398 7969 6812
3 5577 5917 9535
3 5586 9502 1904
3 5972 7501 2722
3 6180 990 1716
3 7925 9534 3445
3 401 1899 5132
3 651 3927 4894
3 1184 3862 6417
3 1646 5104 8665
3 3539 5064 6586
3 5370 545 3076
3 7110 7675 7898
3 7371 9200 2376
3 7388 89 1638
3 7980 2464 2947
3 9660 934 2184
3 1292 3947 7502
3 2326 3929 4628
3 3085 3216 9882
3 3124 4529 249
3 3411 4538 5594
3 4428 7289 144
3 4544 5599 771
3 4981 7672 2173
3 5481 8638 3017
3 7065 9770 1130
3 7695 292 8842
3 8694 757 1935
3 9754 163 1928
3 9846 977 6770
3 9941 1299 7907
3 827 1683 5345
3 2087 2560 7043
3 3424 3521 6259
3 3807 6405 9356
3 4669 5511 8015
3 7664 7902 8525
3 8268 8584 2990
3 8934 9209 2057
3 9156 304 6958
3 207 930 7177
3 894 1120 1469
3 1138 1870 4833
3 2022 2050 2480
3 2463 2835 3580
3 2567 6068 7744
3 3115 4163 8732
3 5122 6307 157
3 6409 6973 241
3 6497 6805 6331
3 7096 9670 4842
3 7608 9140 316
3 9089 199 5429
3 288 7553 643
3 618 691 1331
3 1209 2011 4882
3 3313 3610 3941
3 4149 7223 7274
3 4553 4646 728
3 5804 7134 7962
3 7014 8709 8776
3 8273 865 3893
3 8853 9860 2179
3 9785 3353 7640
3 287 2227 1277
3 356 4392 5192
3 2564 4337 8502
3 3178 4948 5514
3 3186 3541 5725
3 6301 6541 1227
3 6425 7163 7544
3 6897 8298 9179
3 7216 7642 9225
3 7878 8886 9152
3 8068 8409 1574
3 9491 108 616
3 819 862 1958
3 1652 2418 4468
3 1841 4789 5182
3 1971 3006 4714
3 2288 2805 5329
3 3753 4355 8645
3 4226 5060 5578
3 5206 5254 5663
3 5550 6513 7019
3 5718 7229 9647
3 6213 8870 1809
3 6387 6904 9367
3 7298 7546 1495
3 7795 186 2563
3 8534 9406 733
3 9100 9863 867
3 9710 425 2163
3 784 3425 3536
3 2239 4508 4598
3 2841 4143 5848
3 3438 3798 5424
3 4634 5658 7948
3 5534 5612 9553
3 5741 6796 347
3 5825 6087 8141
3 5952 7087 800
3 6629 8310 8941
3 6814 9172 9617
3 8740 769 1376
3 9232 9329 348
3 9870 1563 3712
3 9885 378 1479
3 226 1700 5958
3 1615 1661 2318
3 2201 2435 3209
3 2344 4693 4791
3 2577 2689 6620
3 3208 5573 6484
3 3812 5510 7091
3 5611 8564 9570
3 5771 9423 9590
3 7349 9582 789
3 7556 128 1099
3 9158 383 719
3 189 2152 4290
3 1403 4403 415
3 1685 3917 4518
3 4726 6748 7365
3 4906 6125 7441
3 4986 7333 7799
3 6253 8309 9314
3 7434 8103 9876
3 8321 9555 441
3 8771 9346 1235
3 9862 958 1949
3 349 1196 4709
3 633 1494 3213
3 1131 1788 4211
3 1909 2451 2586
2 2012 5183
2 2470 4939
2 5294 5316
2 5409 6917
2 6692 7758
2 6701 7140
2 7060 7580
2 7459 7541
2 7835 8493
2 7946 8086
2 8064 9954
2 8347 863
2 9205 703
2 9819 203
2 291 361
2 831 1188
2 1119 1180
2 1230 1284
2 1679 1799
2 1868 2878
2 1993 2382
2 2356 2550
2 3327 3784
2 3859 5343
2 3860 4996
2 3949 5148
2 5379 8686
2 6279 6456
2 6457 8080
2 8282 8960
2 8379 9737
2 9323 4
2 280 693
2 388 405
2 509 782
2 935 1335
2 1105 2384
2 1323 1611
2 1732 1818
2 2035 2483
2 2498 4621
2 3247 3821
2 5410 6843
2 5694 7507
2 5779 8406
2 7479 7669
2 7807 7965
2 8412 227
2 8726 9372
2 8875 1046
2 9999 200
2 258 1111
2 268 2324
2 922 1074
2 1133 2378
2 1135 2789
2 2579 3394
2 3787 4254
2 4330 4344
2 4632 4633
2 4664 4675
2 4734 4950
2 5051 5833
2 5699 6085
2 6233 7307
2 6407 8970
2 7251 318
2 7753 8784
2 8410 8985
2 8955 9102
2 9663 662
2 9807 376
2 811 983
2 1029 1553
2 1987 2086
2 2311 2373
2 2386 2405
2 2541 2942
2 3292 4107
2 3386 3639
2 3389 3922
2 4461 4979
2 5356 6500
2 5844 5977
2 6635 7791
2 6983 8523
2 7667 8461
2 8791 9636
2 9604 342
2 9701 9724
2 9742 173
2 491 741
2 794 2030
2 2410 2508
2 2676 2715
2 3199 3385
2 3827 4425
2 4371 7322
2 5005 5177
2 5327 6158
2 6371 6434
2 7092 7399
2 8164 8602
2 8374 8491
2 8731 9162
2 9148 9186
2 9533 9557
2 9632 621
2 9644 9717
2 409 872
2 1534 1918
2 1992 2883
2 2825 3008
2 3756 3819
2 3866 4220
2 4273 4369
2 4810 5413
2 5187 5266
2 5885 6242
2 6254 6420
2 6647 7627
2 7340 7820
2 7706 7992
2 8136 8872
2 8725 821
2 9342 9773
2 69 917
2 148 984
2 195 1206
2 1045 1329
2 1063 1415
2 1439 2934
2 1554 1705
2 1897 1969
2 2747 3225
2 3267 3799
2 3794 3935
2 4323 4978
2 4435 4651
2 5073 5210
2 5399 5643
2 5957 6678
2 7069 8857
2 7228 7636
2 7712 7832
2 9282 312
2 9609 435
2 9977 483
2 437 605
2 508 652
2 901 1610
2 1731 2172
2 2166 2427
2 2503 3058
2 2803 2873
2 2884 3144
2 3227 3466
2 3474 4237
2 3620 4260
2 4032 4103
2 4214 4356
2 4535 5045
2 4807 5167
2 5265 5361
2 5470 7165
2 5840 5853
2 5883 6234
2 5979 6480
2 6174 6499
2 7033 7243
2 7093 7393
2 7264 7938
2 7276 7736
2 7408 8613
2 7547 9963
2 8728 8879
2 8758 194
2 9159 9327
2 9362 1654
2 179 2330
2 987 2425
2 1305 2996
2 2500 3636
2 4224 5350
2 4372 4758
2 4822 4860
2 5340 5745
2 5508 6077
2 6654 6841
2 6675 6901
2 7097 7172
2 7416 7588
2 7793 8142
2 7915 8395
2 8507 8535
2 8570 8778
2 8770 9070
2 8780 9011
2 9775 9787
2 9822 111
2 118 184
2 192 209
2 303 1142
2 596 2170
2 2206 3476
2 2556 3082
2 2769 3530
2 3879 4891
2 3984 4732
2 4577 6853
2 4890 4972
2 6187 7059
2 7427 7789
2 7639 8144
2 8117 8311
2 8786 9749
2 8877 9380
2 9415 729
2 478 482
2 1614 1728
2 1831 2520
2 3044 3189
2 3777 4175
2 4285 4376
2 5067 7086
2 5107 5557
2 5279 6128
2 6141 7098
2 7561 7856
2 7578 7883
2 7942 8038
2 8114 8961
2 8224 8405
2 8361 8417
2 8975 9264
2 9218 9571
2 9421 9931
2 121 274
2 230 908
2 1485 1695
2 1517 2512
2 1972 2771
2 2485 2808
2 2812 4523
2 2974 3716
2 3493 3717
2 3727 4952
2 4724 5747
2 5696 6614
2 5906 5993
2 5983 6902
2 6156 6308
2 6411 7075
2 7590 7741
2 8061 8244
2 8135 9556
2 8272 9436
2 156 1350
2 781 1496
2 1625 3685
2 2039 2098
2 4232 4470
2 4699 4899
2 5483 6177
2 5504 6682
2 6559 7077
2 6720 6833
2 6937 7045
2 7187 7483
2 7606 7847
2 8002 8462
2 8009 256
2 8075 8530
2 9031 9793
2 61 311
2 424 507
2 574 833
2 1177 1226
2 1283 1937
2 1749 2110
2 2271 2272
2 2532 2602
2 2827 3635
2 4063 4098
2 4333 4845
2 5213 5304
2 5533 5727
2 5617 5870
2 6265 6429
2 6428 6545
2 6607 7730
2 7017 7864
2 8011 8045
2 8110 8561
2 8220 8542
2 8500 9736
2 8698 8797
2 8880 81
2 9126 428
2 682 866
2 795 1006
2 1171 1326
2 1501 1513
2 1634 1753
2 1696 1917
2 1804 1984
2 2231 2298
2 2447 3023
2 2657 4297
2 3053 3059
2 3108 3690
2 3307 4427
2 4440 5158
2 4588 4876
2 4913 5023
2 4966 4980
2 5260 5262
2 5377 5382
2 5783 5938
2 6026 7248
2 6971 7404
2 7068 8494
2 7337 7533
2 7550 8556
2 8159 8635
2 8868 9301
2 9357 9686
2 9457 406
2 9498 803
2 538 1166
2 903 1622
2 959 1703
2 1789 2252
2 3268 3993
2 3469 5480
2 4262 4305
2 5008 5754
2 5907 6551
2 6075 6293
2 6539 6998
2 7022 7138
2 7030 7292
2 7139 7367
2 7682 7711
2 7830 7833
2 7929 8190
2 8441 8473
2 8850 8924
2 9007 9296
2 9521 9910
2 9932 182
2 1275 1762
2 1307 2583
2 1932 2357
2 2310 2393
2 2673 3266
2 2900 3361
2 3205 4591
2 3534 3846
2 4770 5472
2 5585 5910
2 5632 6021
2 6098 6237
2 6257 8555
2 6412 6617
2 7067 7584
2 7453 7514
2 8592 8968
2 9823 658
2 603 668
2 1149 1191
2 1824 2138
2 2645 3286
2 3154 3416
2 3705 4060
2 3854 3963
2 4019 4048
2 4283 4453
2 4793 4893
2 4830 4923
2 4843 5693
2 4851 5010
2 5281 5900
2 5926 6848
2 6393 6519
2 6533 6799
2 6859 7102
2 7129 7688
2 7281 9042
2 7523 9577
2 9044 9698
2 9548 25
2 224 275
2 341 452
2 698 1190
2 921 1612
2 1770 1878
2 2026 2385
2 2546 2664
2 2899 3382
2 2928 2961
2 3169 3810
2 3591 3994
2 3611 3803
2 4236 4911
2 4571 5100
2 5430 6222
2 5640 6040
2 6454 6643
2 6961 7574
2 7000 8001
2 7071 7985
2 7658 9297
2 8085 8541
2 9189 9411
2 9311 27
2 9861 238
2 9914 54
2 319 468
2 526 582
2 659 746
2 886 972
2 1302 2153
2 1775 2656
2 2280 2662
2 2709 3454
2 3523 3619
2 3696 4009
2 3719 3990
2 4691 5809
2 5538 5838
2 5828 6119
2 6031 6185
2 6195 6334
2 6290 7852
2 6509 6592
2 6862 6923
2 7782 7890
2 8000 8231
2 8334 9146
2 8554 9059
2 9101 9229
2 9204 9270
2 9554 180
2 9972 412
2 999 1134
2 1316 1777
2 1667 1873
2 2038 2980
2 2525 3156
2 3413 3754
2 4209 4821
2 4525 5386
2 5549 5635
2 6199 6516
2 6283 6391
2 6491 6772
2 6850 7504
2 7011 8109
2 7261 7488
2 8034 9024
2 8118 9825
2 9720 379
2 9933 422
2 573 1087
2 1237 1725
2 1308 2010
2 1880 2154
2 2758 3645
2 3383 3843
2 4034 4252
2 4132 4520
2 4174 4556
2 4581 4987
2 4705 5257
2 5014 5227
2 5697 5778
2 5859 6163
2 5949 6792
2 7222 8098
2 8318 8546
2 8344 8508
2 8757 9336
2 9150 9400
2 154 533
2 360 583
2 911 1290
2 986 1374
2 1401 1664
2 1915 1964
2 2431 2733
2 2706 2858
2 3201 3628
2 3340 3643
2 3546 4062
2 3788 4438
2 4976 5049
2 5029 5108
2 5153 5342
2 5406 5466
2 5527 5539
2 5619 5820
2 6631 7005
2 7042 7822
