1628
4 0 3 4 2
4 1 7 6 9
4 11 10 13 12
4 8 14 5 18
4 17 16 20 24
4 23 22 25 21
4 19 28 27 26
4 33 32 31 34
4 30 29 15 37
4 39 40 38 41
4 44 45 43 42
4 47 49 48 51
4 50 46 36 53
4 55 56 59 58
4 60 57 63 62
4 61 54 65 64
4 67 68 71 70
4 69 72 66 52
4 74 76 78 77
4 75 82 83 81
4 80 85 87 86
4 89 88 84 79
4 91 90 73 35
4 94 93 96 97
4 95 98 101 100
4 99 103 106 108
4 107 105 104 110
4 111 112 115 114
4 113 109 117 118
4 120 121 119 124
4 123 122 128 127
4 132 131 133 130
4 134 129 126 125
4 116 137 136 139
4 138 140 142 143
4 145 147 146 144
4 151 150 149 152
4 153 148 154 141
4 135 157 156 160
4 159 161 158 164
4 163 165 162 166
4 168 171 172 170
4 174 173 175 169
4 177 178 179 180
4 183 185 186 184
4 182 181 188 189
4 193 195 194 192
4 191 197 198 199
4 201 200 204 203
4 202 196 190 187
4 176 167 155 102
4 206 208 207 211
4 210 209 213 214
4 215 217 219 218
4 221 220 216 222
4 212 225 226 227
4 224 229 230 228
4 232 234 236 235
4 238 237 240 241
4 242 239 233 245
4 244 243 231 223
4 205 249 248 251
4 253 252 257 258
4 256 255 254 250
4 247 260 264 263
4 262 261 265 259
4 268 270 269 271
4 274 275 273 272
4 267 278 279 281
4 280 277 283 284
4 282 285 289 290
4 288 287 293 292
4 291 294 296 297
4 298 301 300 305
4 304 303 302 307
4 308 309 306 299
4 295 313 312 311
4 316 315 314 310
4 318 319 317 286
4 276 266 321 322
4 323 325 326 328
4 329 327 324 333
4 332 331 336 335
4 338 337 334 330
4 343 342 341 340
4 339 346 347 348
4 349 345 344 320
4 246 92 352 353
4 355 356 358 359
4 362 361 360 363
4 357 365 364 367
4 366 354 351 370
4 371 373 372 374
4 369 368 376 378
4 379 381 380 384
4 385 383 382 377
4 386 388 392 393
4 396 395 394 391
4 390 389 387 398
4 403 404 402 401
4 405 407 406 400
4 399 409 413 414
4 415 412 411 410
4 408 417 419 418
4 416 397 375 350
4 421 422 425 424
4 423 428 427 426
4 430 432 433 431
4 435 434 437 436
4 439 438 429 441
4 443 444 446 451
4 453 452 450 449
4 448 447 445 442
4 456 457 458 459
4 455 461 463 464
4 465 462 467 468
4 466 469 460 454
4 471 473 472 475
4 477 478 476 474
4 480 483 482 481
4 485 487 486 484
4 489 491 493 492
4 490 488 479 470
4 440 420 496 500
4 499 498 502 503
4 505 504 501 497
4 495 509 508 507
4 513 512 514 511
4 516 515 517 510
4 520 522 523 521
4 519 518 506 525
4 526 527 524 529
4 530 532 534 533
4 531 538 537 536
4 535 528 540 541
4 542 545 546 544
4 547 550 549 548
4 543 539 554 556
4 555 553 552 559
4 558 557 562 561
4 560 565 566 568
4 567 564 571 574
4 573 576 575 577
4 572 570 579 578
4 582 583 581 580
4 586 587 585 584
4 569 563 590 589
4 591 594 593 597
4 596 598 595 592
4 600 602 604 605
4 603 608 607 611
4 610 609 606 601
4 613 612 615 616
4 614 618 620 622
4 621 623 619 617
4 624 599 626 628
4 627 631 630 634
4 636 635 633 632
4 629 639 640 638
4 642 645 644 643
4 641 646 637 648
4 649 651 652 654
4 653 650 647 625
4 588 656 658 659
4 660 657 662 661
4 655 551 664 666
4 669 668 674 673
4 676 675 678 677
4 672 671 670 667
4 679 665 683 684
4 682 681 687 688
4 689 686 691 690
4 685 693 692 695
4 698 697 696 700
4 699 694 680 663
4 494 703 704 706
4 705 709 708 711
4 712 710 707 702
4 714 715 717 716
4 719 720 721 718
4 713 701 723 725
4 727 726 728 730
4 729 733 735 734
4 738 737 739 740
4 741 736 742 732
4 731 724 745 746
4 744 750 749 748
4 752 753 754 756
4 757 755 751 760
4 759 761 764 763
4 762 766 767 769
4 768 765 758 747
4 743 722 771 774
4 773 776 778 777
4 775 772 780 782
4 781 779 770 784
4 786 785 789 788
4 787 791 793 794
4 797 796 795 801
4 802 800 804 803
4 805 799 798 806
4 792 809 808 811
4 812 810 807 814
4 815 816 813 790
4 783 818 820 819
4 821 823 822 825
4 828 827 826 829
4 824 831 834 836
4 835 833 837 832
4 839 840 838 830
4 842 844 847 846
4 850 849 848 845
4 851 854 856 855
4 853 852 843 841
4 859 860 858 862
4 864 865 863 868
4 867 866 872 871
4 870 869 876 877
4 875 874 878 873
4 881 880 879 861
4 857 884 885 887
4 886 883 889 888
4 890 893 894 896
4 895 892 891 898
4 900 899 902 901
4 903 904 906 909
4 908 912 911 910
4 907 905 913 897
4 915 916 917 919
4 924 923 922 921
4 920 918 926 925
4 928 927 914 882
4 931 930 934 936
4 937 935 938 940
4 939 943 942 941
4 933 932 929 945
4 948 947 949 950
4 946 954 955 956
4 953 958 960 959
4 962 961 957 965
4 964 966 968 967
4 963 952 951 970
4 969 973 972 974
4 976 978 977 979
4 975 980 971 982
4 983 984 987 986
4 988 985 981 990
4 992 993 991 995
4 998 999 1001 1002
4 1000 997 996 1004
4 1006 1005 1003 1010
4 1009 1008 1007 994
4 989 944 1013 1012
4 1015 1016 1018 1021
4 1020 1023 1022 1024
4 1019 1017 1027 1026
4 1029 1031 1032 1030
4 1028 1037 1036 1035
4 1040 1039 1038 1044
4 1043 1047 1046 1045
4 1042 1041 1034 1050
4 1049 1052 1054 1056
4 1055 1058 1059 1061
4 1062 1063 1060 1065
4 1066 1064 1057 1053
4 1051 1048 1068 1071
4 1070 1069 1067 1033
4 1025 1014 1011 1073
4 1074 1075 1077 1076
4 1081 1080 1082 1079
4 1085 1084 1086 1087
4 1083 1088 1078 1090
4 1091 1094 1093 1096
4 1095 1097 1092 1101
4 1100 1099 1102 1103
4 1098 1089 1106 1105
4 1107 1104 1110 1111
4 1109 1108 1114 1115
4 1117 1116 1118 1120
4 1119 1113 1122 1121
4 1124 1125 1127 1129
4 1130 1132 1131 1133
4 1136 1137 1138 1135
4 1134 1140 1139 1142
4 1141 1143 1128 1126
4 1146 1147 1149 1148
4 1145 1152 1154 1153
4 1151 1155 1150 1157
4 1160 1159 1161 1162
4 1158 1164 1165 1167
4 1166 1168 1163 1156
4 1144 1170 1172 1171
4 1174 1173 1178 1179
4 1181 1180 1177 1182
4 1184 1183 1176 1175
4 1169 1188 1187 1186
4 1192 1191 1190 1189
4 1194 1197 1196 1200
4 1199 1203 1202 1201
4 1198 1195 1193 1205
4 1206 1208 1210 1209
4 1207 1212 1211 1214
4 1213 1204 1216 1217
4 1218 1220 1221 1219
4 1224 1223 1228 1227
4 1226 1225 1222 1231
4 1230 1229 1233 1234
4 1235 1232 1215 1185
4 1123 1237 1238 1240
4 1239 1243 1242 1241
4 1236 1112 1072 817
4 1246 1245 1248 1249
4 1250 1247 1253 1252
4 1254 1256 1255 1251
4 1261 1260 1259 1258
4 1257 1244 1263 1266
4 1265 1267 1268 1270
4 1271 1269 1264 1273
4 1272 1276 1277 1275
4 1279 1278 1274 1282
4 1284 1283 1287 1286
4 1288 1290 1289 1285
4 1292 1291 1281 1296
4 1299 1298 1297 1295
4 1294 1293 1280 1262
4 1302 1303 1301 1305
4 1307 1308 1306 1304
4 1311 1313 1312 1316
4 1318 1317 1322 1321
4 1323 1320 1319 1324
4 1315 1314 1326 1330
4 1332 1331 1329 1333
4 1328 1327 1336 1335
4 1337 1341 1340 1339
4 1338 1334 1325 1310
4 1344 1347 1348 1346
4 1345 1351 1350 1349
4 1353 1352 1355 1354
4 1357 1359 1358 1356
4 1343 1342 1361 1362
4 1360 1309 1300 1364
4 1366 1365 1363 1369
4 1368 1372 1371 1374
4 1373 1378 1377 1376
4 1375 1379 1383 1382
4 1381 1385 1386 1384
4 1380 1370 1367 1388
4 1389 1391 1393 1392
4 1390 1396 1395 1397
4 1394 1400 1401 1399
4 1404 1403 1406 1405
4 1407 1402 1409 1411
4 1412 1413 1410 1416
4 1415 1414 1418 1419
4 1417 1408 1398 1423
4 1422 1424 1421 1427
4 1426 1425 1429 1430
4 1431 1428 1420 1387
4 1433 1436 1437 1435
4 1440 1439 1438 1445
4 1444 1443 1442 1441
4 1447 1446 1434 1450
4 1453 1452 1454 1451
4 1449 1456 1455 1448
4 1461 1462 1460 1459
4 1458 1457 1464 1467
4 1466 1465 1463 1469
4 1471 1470 1476 1475
4 1480 1479 1478 1477
4 1474 1473 1481 1483
4 1484 1485 1482 1472
4 1487 1488 1492 1491
4 1490 1489 1486 1468
4 1495 1494 1496 1497
4 1499 1498 1493 1502
4 1501 1505 1504 1509
4 1510 1508 1507 1512
4 1514 1513 1511 1516
4 1517 1519 1518 1515
4 1506 1503 1522 1524
4 1523 1521 1526 1527
4 1525 1529 1530 1533
4 1532 1535 1536 1534
4 1531 1538 1540 1542
4 1541 1539 1537 1544
4 1543 1528 1546 1547
4 1549 1552 1553 1554
4 1551 1556 1555 1558
4 1559 1557 1550 1548
4 1545 1561 1562 1564
4 1563 1565 1560 1520
4 1500 1432 1568 1571
4 1570 1569 1567 1572
4 1574 1575 1576 1573
4 1566 1581 1580 1579
4 1584 1583 1587 1586
4 1589 1591 1590 1588
4 1585 1582 1578 1593
4 1595 1594 1592 1598
4 1597 1599 1596 1601
4 1602 1600 1606 1605
4 1609 1611 1610 1612
4 1616 1615 1614 1613
4 1608 1607 1604 1618
4 1621 1620 1622 1619
4 1624 1625 1627 1628
4 1626 1623 1629 1632
4 1631 1634 1636 1635
4 1633 1630 1640 1639
4 1638 1637 1617 1642
4 1646 1648 1649 1650
4 1647 1645 1644 1643
4 1641 1603 1653 1652
4 1654 1656 1655 1658
4 1661 1660 1659 1657
4 1665 1664 1663 1668
4 1669 1667 1671 1673
4 1672 1670 1666 1675
4 1674 1677 1678 1679
4 1681 1684 1683 1685
4 1686 1688 1687 1690
4 1691 1689 1694 1695
4 1696 1693 1692 1682
4 1699 1701 1700 1698
4 1704 1705 1703 1707
4 1708 1706 1709 1702
4 1697 1711 1713 1714
4 1712 1717 1718 1716
4 1715 1710 1680 1676
4 1662 1720 1724 1723
4 1726 1725 1729 1728
4 1727 1722 1721 1732
4 1731 1734 1735 1733
4 1730 1719 1651 1577
4 1737 1738 1740 1742
4 1743 1744 1745 1741
4 1747 1746 1751 1750
4 1749 1748 1756 1755
4 1754 1753 1752 1758
4 1759 1761 1763 1762
4 1765 1767 1768 1766
4 1764 1760 1770 1769
4 1757 1739 1774 1775
4 1773 1772 1778 1777
4 1781 1783 1782 1780
4 1779 1784 1787 1788
4 1789 1786 1785 1776
4 1771 1736 1791 1793
4 1794 1792 1796 1800
4 1801 1799 1802 1804
4 1803 1807 1806 1810
4 1809 1808 1812 1814
4 1813 1811 1805 1815
4 1798 1797 1817 1820
4 1821 1819 1822 1818
4 1825 1824 1827 1826
4 1823 1816 1795 1830
4 1831 1833 1832 1829
4 1835 1837 1836 1839
4 1840 1841 1838 1834
4 1828 1790 1843 1845
4 1847 1848 1849 1846
4 1851 1850 1853 1854
4 1852 1856 1857 1859
4 1858 1861 1862 1860
4 1866 1865 1867 1869
4 1870 1868 1864 1874
4 1873 1872 1871 1863
4 1876 1877 1878 1875
4 1855 1844 1880 1883
4 1884 1882 1881 1886
4 1885 1889 1888 1892
4 1891 1890 1887 1895
4 1894 1898 1899 1897
4 1900 1896 1902 1904
4 1905 1903 1908 1909
4 1907 1906 1901 1893
4 1879 1912 1911 1915
4 1914 1918 1917 1920
4 1919 1916 1923 1922
4 1924 1925 1921 1913
4 1928 1930 1929 1932
4 1931 1934 1936 1935
4 1937 1933 1927 1926
4 1939 1938 1943 1942
4 1944 1941 1946 1948
4 1949 1947 1945 1940
4 1952 1953 1951 1955
4 1954 1956 1959 1958
4 1957 1961 1960 1963
4 1965 1964 1967 1969
4 1971 1972 1973 1970
4 1968 1976 1975 1980
4 1979 1978 1977 1983
4 1986 1985 1988 1987
4 1984 1989 1982 1981
4 1974 1966 1990 1962
4 1994 1993 1992 1996
4 1995 1998 2000 1999
4 2002 2001 2003 1997
4 1991 2004 1950 2008
4 2009 2007 2006 2011
4 2012 2010 2013 2005
4 1910 1842 2016 2015
4 2020 2019 2018 2023
4 2024 2025 2022 2026
4 2021 2028 2030 2029
4 2027 2031 2033 2036
4 2035 2034 2032 2039
4 2038 2037 2043 2042
4 2045 2047 2046 2044
4 2041 2040 2017 2014
4 2050 2051 2049 2052
4 2055 2054 2057 2061
4 2060 2062 2059 2058
4 2056 2053 2048 2064
4 2065 2066 2068 2067
4 2070 2072 2071 2074
4 2075 2076 2077 2073
4 2080 2081 2083 2082
4 2085 2087 2086 2089
4 2088 2084 2079 2078
4 2091 2092 2094 2096
4 2095 2098 2097 2093
4 2102 2101 2100 2106
4 2105 2104 2108 2107
4 2110 2109 2103 2099
4 2090 2069 2112 2113
4 2115 2117 2116 2118
4 2114 2120 2121 2124
4 2123 2125 2122 2127
4 2129 2128 2126 2119
4 2131 2130 2134 2133
4 2137 2136 2138 2141
4 2144 2143 2142 2140
4 2139 2135 2148 2149
4 2147 2146 2150 2145
4 2132 2111 2152 2153
4 2155 2154 2157 2156
4 2160 2159 2162 2165
4 2164 2163 2167 2166
4 2161 2169 2170 2168
4 2173 2172 2171 2175
4 2176 2174 2179 2178
4 2181 2180 2185 2184
4 2186 2183 2182 2177
4 2158 2188 2190 2191
4 2193 2192 2194 2196
4 2195 2189 2187 2198
4 2199 2201 2203 2202
4 2200 2205 2207 2206
4 2204 2208 2210 2212
4 2213 2211 2215 2216
4 2214 2209 2197 2151
4 2063 2218 2222 2221
4 2220 2219 2224 2226
4 2228 2227 2229 2232
4 2231 2230 2225 2235
4 2234 2237 2241 2243
4 2242 2240 2239 2238
4 2246 2245 2244 2236
4 2233 2223 2217 2248
4 2249 2252 2254 2253
4 2251 2255 2250 2257
4 2256 2247 2259 2260
4 2262 2261 2265 2264
4 2267 2268 2269 2271
4 2272 2270 2266 2263
4 2258 2274 2275 2277
4 2278 2282 2281 2280
4 2279 2283 2285 2284
4 2276 2286 2289 2288
4 2287 2291 2293 2295
4 2296 2297 2294 2298
4 2300 2301 2299 2292
4 2305 2304 2303 2308
4 2309 2307 2311 2310
4 2306 2313 2314 2312
4 2316 2315 2302 2318
4 2320 2319 2321 2323
4 2324 2326 2325 2329
4 2328 2331 2330 2333
4 2335 2334 2332 2327
4 2337 2336 2322 2340
4 2339 2338 2317 2290
3 2342 2343 2345
3 2344 2348 2349
3 2347 2346 2351
3 2353 2352 2356
3 2358 2357 2359
3 2355 2354 2361
3 2360 2364 2363
3 2365 2362 2350
3 2368 2367 2366
3 2370 2373 2372
3 2371 2375 2376
3 2378 2377 2381
3 2382 2380 2379
3 2384 2386 2385
3 2383 2374 2389
3 2388 2390 2391
3 2393 2392 2395
3 2398 2400 2401
3 2399 2402 2397
3 2396 2403 2394
3 2387 2369 2341
3 2273 2407 2406
3 2405 2410 2412
3 2411 2409 2408
3 2415 2417 2418
3 2420 2419 2416
3 2422 2423 2425
3 2424 2428 2427
3 2426 2421 2429
3 2432 2431 2433
3 2430 2435 2437
3 2436 2434 2439
3 2438 2414 2442
3 2444 2443 2441
3 2440 2447 2448
3 2449 2451 2453
3 2452 2454 2450
3 2446 2445 2456
3 2457 2459 2461
3 2462 2464 2463
3 2460 2458 2455
3 2413 2467 2466
3 2469 2470 2468
3 2472 2473 2475
3 2476 2474 2471
3 2477 2481 2480
3 2479 2484 2483
3 2486 2485 2489
3 2488 2490 2487
3 2482 2478 2492
3 2495 2494 2493
3 2496 2499 2498
3 2500 2503 2502
3 2504 2506 2505
3 2501 2497 2491
3 2509 2508 2510
3 2512 2511 2514
3 2516 2517 2518
3 2515 2513 2507
3 2520 2522 2523
3 2521 2525 2527
3 2526 2529 2531
3 2533 2532 2530
3 2528 2535 2536
3 2538 2537 2541
3 2540 2539 2534
3 2545 2544 2546
3 2543 2548 2549
3 2550 2551 2555
3 2554 2556 2553
3 2552 2558 2557
3 2560 2566 2565
3 2567 2564 2563
3 2562 2561 2572
3 2571 2573 2570
3 2569 2568 2575
3 2574 2559 2578
3 2577 2579 2580
3 2576 2547 2542
3 2524 2519 2582
3 2584 2585 2586
3 2583 2587 2581
3 2589 2590 2592
3 2591 2588 2465
3 2404 2595 2596
3 2598 2597 2594
3 2600 2601 2602
3 2604 2603 2605
3 2599 2608 2607
3 2606 2593 2610
3 2612 2611 2614
3 2615 2617 2616
3 2613 2619 2621
3 2622 2620 2624
3 2623 2628 2627
3 2629 2630 2632
3 2634 2635 2636
3 2633 2631 2626
3 2625 2637 2639
3 2640 2638 2642
3 2641 2645 2647
3 2646 2649 2652
3 2653 2651 2650
3 2648 2654 2644
3 2643 2618 2657
3 2656 2658 2659
3 2661 2662 2664
3 2663 2665 2660
3 2666 2669 2668
3 2667 2672 2671
3 2674 2673 2676
3 2675 2670 2655
3 2678 2681 2680
3 2683 2682 2679
3 2677 2609 2687
3 2686 2685 2689
3 2688 2691 2692
3 2694 2695 2693
3 2697 2696 2698
3 2690 2700 2699
3 2702 2703 2705
3 2707 2706 2704
3 2701 2709 2708
3 2713 2712 2711
3 2710 2716 2715
3 2718 2717 2714
3 2720 2723 2722
3 2728 2727 2726
3 2725 2724 2730
3 2732 2731 2733
3 2734 2729 2736
3 2737 2741 2740
3 2739 2738 2743
3 2746 2747 2745
3 2744 2749 2752
3 2751 2750 2748
3 2742 2735 2754
3 2759 2758 2757
3 2756 2755 2753
3 2762 2763 2761
3 2760 2721 2766
3 2765 2769 2772
3 2771 2770 2773
3 2776 2775 2774
3 2768 2777 2767
3 2779 2781 2783
3 2782 2786 2785
3 2784 2789 2790
3 2788 2787 2793
3 2795 2794 2792
3 2798 2799 2797
3 2796 2802 2804
3 2806 2805 2803
3 2809 2808 2807
3 2801 2811 2812
3 2810 2800 2814
3 2813 2791 2817
3 2819 2818 2821
3 2820 2816 2824
3 2825 2823 2828
3 2827 2829 2826
3 2831 2830 2822
3 2815 2780 2778
3 2836 2837 2835
3 2834 2839 2838
3 2841 2843 2842
3 2840 2833 2844
3 2848 2847 2846
3 2850 2849 2852
3 2851 2845 2832
3 2764 2854 2859
3 2858 2861 2862
3 2863 2860 2857
3 2864 2856 2855
3 2866 2867 2868
3 2865 2870 2869
3 2872 2874 2875
3 2873 2877 2879
3 2878 2876 2881
3 2883 2884 2882
3 2887 2886 2885
3 2889 2891 2892
3 2890 2888 2880
3 2893 2895 2898
3 2900 2899 2897
3 2903 2902 2901
3 2896 2894 2871
3 2853 2905 2907
3 2906 2908 2909
3 2912 2911 2910
3 2913 2916 2915
3 2920 2922 2921
3 2919 2918 2917
3 2914 2924 2925
3 2927 2929 2928
3 2932 2931 2935
3 2934 2937 2936
3 2933 2930 2926
3 2939 2941 2942
3 2940 2938 2923
3 2904 2719 2944
3 2946 2947 2949
3 2950 2952 2954
3 2953 2951 2948
3 2957 2956 2955
3 2959 2958 2962
3 2961 2964 2963
3 2960 2966 2968
3 2967 2970 2969
3 2965 2945 2943
3 2684 2972 2974
3 2973 2971 2977
3 2978 2976 2980
3 2979 2982 2983
3 2981 2985 2984
3 2987 2988 2986
3 2975 2990 2994
3 2993 2996 2997
3 2999 2998 3002
3 3001 3004 3003
3 3000 3006 3008
3 3009 3007 3005
3 2995 3011 3012
3 3015 3017 3016
3 3020 3022 3021
3 3024 3023 3025
3 3019 3018 3028
3 3029 3027 3031
3 3030 3026 3014
3 3013 3010 2992
3 3033 3035 3034
3 3037 3038 3039
3 3042 3041 3044
3 3043 3047 3050
3 3049 3052 3053
3 3051 3048 3055
3 3054 3046 3045
3 3040 3036 3032
3 3058 3060 3059
3 3057 3062 3064
3 3063 3061 3066
3 3065 3068 3070
3 3069 3067 3072
3 3075 3076 3074
3 3073 3078 3080
3 3079 3077 3071
3 3056 3083 3082
3 3085 3087 3089
3 3088 3086 3084
3 3092 3091 3090
3 3093 3096 3097
3 3095 3099 3098
3 3094 3102 3101
3 3104 3106 3107
3 3105 3108 3110
3 3109 3112 3111
3 3114 3115 3113
3 3103 3100 3117
3 3118 3120 3121
3 3119 3123 3126
3 3127 3125 3124
3 3122 3129 3128
3 3116 3081 2991
3 2989 3132 3131
3 3135 3134 3137
3 3136 3133 3138
3 3142 3141 3140
3 3139 3145 3146
3 3147 3144 3143
3 3149 3150 3151
3 3148 3153 3155
3 3154 3156 3157
3 3158 3159 3161
3 3165 3164 3163
3 3167 3170 3169
3 3174 3173 3172
3 3171 3176 3178
3 3177 3179 3175
3 3168 3166 3181
3 3184 3183 3182
3 3180 3162 3160
3 3152 3186 3188
3 3189 3187 3191
3 3193 3196 3195
3 3194 3192 3190
3 3199 3201 3203
3 3202 3205 3204
3 3200 3198 3197
3 3185 3130 3208
3 3209 3210 3212
3 3214 3213 3211
3 3207 3216 3217
3 3218 3220 3219
3 3223 3222 3221
3 3226 3225 3228
3 3229 3227 3224
3 3215 3231 3233
3 3235 3234 3232
3 3237 3239 3240
3 3242 3244 3243
3 3241 3238 3236
3 3246 3248 3247
3 3249 3251 3250
3 3245 3230 3253
3 3254 3257 3258
3 3259 3256 3255
3 3261 3263 3262
3 3260 3265 3267
3 3268 3266 3273
3 3272 3271 3274
3 3276 3275 3270
3 3269 3264 3252
3 3206 3278 3280
3 3281 3279 3283
3 3284 3282 3277
3 3286 3287 3285
3 3290 3289 3293
3 3292 3291 3295
3 3297 3296 3299
3 3300 3302 3301
3 3298 3303 3306
3 3309 3308 3307
3 3311 3312 3313
3 3310 3314 3316
3 3315 3305 3318
3 3317 3304 3323
3 3322 3324 3321
3 3325 3327 3330
3 3329 3328 3332
3 3334 3335 3333
3 3331 3326 3320
3 3319 3294 3337
3 3339 3340 3338
3 3341 3344 3343
3 3347 3348 3346
3 3350 3349 3345
3 3352 3353 3357
3 3356 3355 3358
3 3354 3351 3342
3 3362 3361 3364
3 3363 3360 3368
3 3367 3366 3371
3 3370 3369 3365
3 3373 3376 3375
3 3374 3372 3359
3 3377 3336 3288
3 3379 3381 3382
3 3383 3386 3385
3 3384 3389 3388
3 3387 3380 3391
3 3392 3394 3396
3 3395 3399 3402
3 3401 3400 3403
3 3398 3397 3405
3 3404 3393 3407
3 3409 3408 3412
3 3411 3413 3416
3 3415 3417 3414
3 3410 3420 3419
3 3418 3422 3424
3 3425 3426 3428
3 3427 3423 3429
3 3421 3431 3432
3 3434 3433 3430
3 3435 3406 3390
3 3437 3439 3438
3 3440 3443 3442
3 3445 3444 3446
3 3447 3449 3451
3 3450 3448 3454
3 3455 3453 3452
3 3457 3458 3456
3 3459 3441 3436
3 3378 3463 3464
3 3466 3467 3465
3 3469 3473 3475
3 3474 3476 3477
3 3472 3471 3480
3 3479 3478 3482
3 3481 3484 3485
3 3488 3487 3486
3 3489 3483 3470
3 3468 3462 3491
3 3493 3492 3496
3 3495 3499 3498
3 3497 3494 3500
3 3505 3504 3506
3 3503 3502 3501
3 3508 3509 3511
3 3510 3513 3512
3 3507 3516 3519
3 3518 3517 3515
3 3514 3521 3523
3 3522 3524 3520
3 3490 3526 3527
3 3531 3530 3529
3 3528 3532 3525
3 3534 3533 3536
3 3540 3539 3542
3 3544 3543 3541
3 3538 3537 3535
3 3461 3547 3546
3 3549 3548 3545
3 3550 3460 3553
3 3552 3555 3554
3 3557 3558 3559
3 3561 3560 3564
3 3563 3566 3567
3 3565 3562 3568
3 3570 3569 3556
3 3573 3574 3575
3 3572 3571 3579
3 3578 3583 3582
3 3581 3584 3580
3 3587 3586 3585
3 3577 3588 3590
3 3591 3593 3595
3 3596 3594 3598
3 3600 3599 3597
3 3592 3602 3601
3 3589 3605 3607
3 3608 3606 3610
3 3611 3612 3615
3 3618 3617 3621
3 3620 3619 3616
3 3623 3626 3625
3 3624 3622 3614
3 3613 3609 3604
3 3629 3628 3630
3 3632 3633 3636
3 3635 3637 3634
3 3639 3638 3641
3 3640 3631 3627
3 3643 3645 3644
3 3647 3648 3649
3 3646 3651 3650
3 3642 3603 3576
3 3656 3655 3654
3 3657 3658 3653
3 3660 3662 3665
3 3664 3663 3667
3 3669 3672 3673
3 3674 3671 3670
3 3675 3668 3666
3 3678 3677 3679
3 3681 3680 3676
3 3661 3659 3686
3 3685 3684 3683
3 3689 3691 3692
3 3690 3694 3697
3 3698 3696 3695
3 3693 3688 3687
3 3700 3704 3705
3 3703 3702 3708
3 3707 3706 3710
3 3709 3701 3712
3 3715 3716 3718
3 3717 3719 3714
3 3713 3711 3699
3 3682 3652 3551
3 3721 3722 3724
3 3728 3727 3730
3 3731 3729 3726
3 3725 3723 3734
3 3736 3735 3739
3 3738 3737 3733
3 3741 3740 3732
3 3743 3745 3746
3 3750 3749 3748
3 3747 3744 3753
3 3754 3752 3751
3 3757 3756 3760
3 3761 3759 3762
3 3763 3758 3765
3 3764 3755 3742
3 3769 3768 3767
3 3773 3772 3775
3 3774 3771 3777
3 3776 3770 3766
3 3781 3782 3783
3 3784 3785 3780
3 3787 3789 3788
3 3792 3791 3793
3 3795 3794 3796
3 3790 3798 3799
3 3797 3786 3779
3 3778 3720 3802
3 3803 3804 3801
3 3806 3808 3809
3 3807 3811 3812
3 3810 3813 3805
3 3814 3818 3817
3 3819 3816 3822
3 3821 3825 3824
3 3823 3820 3828
3 3827 3826 3815
3 3830 3829 3832
3 3834 3835 3833
3 3831 3840 3839
3 3842 3841 3838
3 3844 3845 3846
3 3843 3847 3837
3 3849 3848 3836
3 3800 3853 3854
3 3852 3851 3857
3 3856 3855 3859
3 3860 3862 3863
3 3866 3867 3865
3 3864 3861 3869
3 3870 3871 3873
3 3875 3874 3872
3 3868 3877 3878
3 3880 3879 3882
3 3883 3885 3884
3 3881 3887 3889
3 3888 3892 3891
3 3896 3895 3894
3 3893 3899 3898
3 3897 3890 3886
3 3904 3905 3906
3 3903 3902 3901
3 3907 3900 3909
3 3913 3912 3914
3 3911 3917 3916
3 3915 3918 3919
3 3910 3920 3922
3 3924 3926 3927
3 3930 3929 3928
3 3925 3923 3921
3 3908 3876 3932
3 3933 3935 3936
3 3934 3940 3939
3 3942 3941 3944
3 3945 3943 3938
3 3937 3947 3950
3 3951 3949 3948
3 3953 3954 3952
3 3946 3931 3956
3 3958 3957 3955
2 3858 3850
2 3961 3960
2 3959 3963
2 3966 3965
2 3964 3969
2 3968 3967
2 3973 3972
2 3971 3975
2 3978 3977
2 3976 3974
2 3980 3981
2 3983 3985
2 3984 3982
2 3987 3988
2 3991 3990
2 3993 3994
2 3992 3995
2 3997 3996
2 3989 3998
2 3986 4000
2 4001 4002
2 3999 4004
2 4006 4005
2 4007 4003
2 3979 3970
2 4009 4011
2 4012 4014
2 4013 4010
2 4016 4015
2 4008 4019
2 4018 4020
2 4022 4023
2 4021 4026
2 4027 4025
2 4028 4031
2 4030 4032
2 4034 4036
2 4035 4038
2 4037 4033
2 4029 4024
2 4041 4040
2 4044 4043
2 4042 4046
2 4047 4048
2 4045 4050
2 4049 4052
2 4054 4055
2 4053 4058
2 4057 4060
2 4059 4056
2 4064 4063
2 4062 4066
2 4065 4061
2 4067 4069
2 4070 4071
2 4068 4051
2 4039 4017
2 4074 4076
2 4079 4078
2 4077 4080
2 4075 4073
2 4082 4083
2 4081 4085
2 4090 4091
2 4089 4093
2 4092 4095
2 4094 4088
2 4097 4100
2 4099 4098
2 4096 4087
2 4102 4104
2 4103 4106
2 4107 4108
2 4109 4110
2 4105 4101
2 4086 4112
2 4113 4111
2 4084 4116
2 4115 4117
2 4120 4122
2 4124 4123
2 4121 4119
2 4118 4126
2 4128 4127
2 4129 4125
2 4131 4132
2 4135 4134
2 4137 4136
2 4133 4139
2 4138 4141
2 4144 4143
2 4142 4140
2 4130 4147
2 4150 4151
2 4149 4148
2 4146 4153
2 4155 4156
2 4157 4158
2 4154 4152
2 4161 4160
2 4164 4163
2 4165 4162
2 4167 4170
2 4169 4173
2 4172 4176
2 4175 4174
2 4177 4171
2 4179 4178
2 4168 4166
2 4159 4182
2 4185 4184
2 4187 4188
2 4186 4189
2 4183 4191
2 4194 4193
2 4197 4196
2 4198 4195
2 4192 4190
2 4181 4200
2 4202 4203
2 4206 4205
2 4204 4201
2 4199 4180
2 4145 4114
2 4072 4208
2 4209 4211
2 4212 4215
2 4214 4217
2 4218 4216
2 4222 4221
2 4220 4219
2 4213 4224
2 4223 4210
2 4226 4228
2 4230 4233
2 4232 4231
2 4229 4227
2 4235 4238
2 4237 4236
2 4240 4239
2 4234 4225
2 4244 4245
2 4246 4248
2 4249 4247
2 4243 4242
2 4252 4251
2 4250 4255
2 4254 4259
2 4260 4258
2 4257 4256
2 4262 4263
2 4261 4253
2 4241 4207
2 3962 4264
2 4267 4266
2 4269 4273
2 4272 4271
2 4274 4270
2 4268 4275
2 4277 4279
2 4280 4281
2 4284 4286
2 4285 4283
2 4287 4288
2 4293 4292
2 4291 4290
2 4294 4289
2 4282 4278
2 4298 4297
2 4301 4300
2 4299 4296
2 4295 4302
2 4303 4305
2 4307 4308
2 4309 4306
2 4304 4311
2 4312 4314
2 4313 4315
2 4318 4317
2 4316 4320
2 4322 4323
2 4321 4319
2 4325 4328
2 4327 4331
2 4330 4329
2 4326 4333
2 4335 4334
2 4332 4324
2 4337 4336
2 4340 4339
2 4341 4338
2 4344 4345
2 4343 4346
2 4342 4310
2 4276 4265
2 4348 4351
2 4352 4355
2 4357 4359
2 4358 4356
2 4354 4361
2 4360 4353
2 4363 4362
2 4365 4367
2 4369 4371
2 4372 4374
2 4375 4376
2 4373 4377
2 4370 4368
2 4366 4379
2 4381 4380
2 4382 4384
2 4386 4387
2 4388 4390
2 4389 4392
2 4394 4393
2 4391 4385
2 4383 4378
2 4395 4364
2 4350 4400
2 4399 4398
2 4397 4402
2 4403 4405
2 4406 4407
2 4410 4409
2 4408 4412
2 4415 4417
2 4416 4414
2 4413 4411
2 4404 4401
2 4396 4349
2 4419 4421
2 4422 4423
2 4425 4428
2 4427 4426
2 4430 4429
2 4424 4431
2 4420 4418
2 4434 4435
2 4436 4433
2 4439 4440
2 4438 4442
2 4444 4445
2 4443 4441
2 4447 4446
2 4437 4449
2 4452 4451
2 4453 4450
2 4448 4456
2 4457 4458
2 4455 4454
2 4432 4347
2 4461 4460
2 4465 4464
2 4467 4469
2 4468 4470
2 4466 4463
2 4473 4475
2 4474 4472
2 4477 4478
2 4480 4479
2 4482 4483
2 4484 4481
2 4476 4488
2 4490 4491
2 4489 4487
2 4486 4492
2 4485 4471
2 4496 4495
2 4494 4493
2 4462 4498
2 4502 4501
2 4500 4504
2 4506 4505
2 4509 4508
2 4507 4503
2 4511 4514
2 4513 4512
2 4516 4518
2 4517 4521
2 4522 4524
2 4523 4525
2 4520 4519
2 4515 4527
2 4526 4510
2 4529 4530
2 4532 4534
2 4535 4533
2 4531 4528
2 4499 4537
2 4538 4540
2 4539 4536
2 4542 4541
2 4497 4459
2 4544 4546
2 4545 4547
2 4550 4551
2 4549 4548
2 4555 4554
2 4553 4557
2 4559 4558
2 4556 4552
2 4561 4562
2 4565 4564
2 4563 4567
2 4568 4566
2 4560 4572
2 4574 4573
2 4571 4575
2 4570 4569
2 4579 4578
2 4577 4582
2 4581 4584
2 4583 4585
2 4588 4587
2 4586 4580
2 4576 4592
2 4591 4590
2 4589 4595
2 4596 4594
2 4600 4599
2 4598 4597
2 4593 4602
2 4601 4543
2 4604 4605
2 4607 4609
2 4611 4610
2 4608 4613
2 4614 4612
2 4617 4616
2 4619 4618
2 4621 4623
2 4622 4620
2 4615 4625
2 4627 4628
2 4631 4630
2 4632 4637
2 4638 4636
2 4639 4640
2 4635 4634
2 4633 4641
2 4642 4644
2 4646 4645
2 4643 4629
2 4649 4650
2 4651 4648
2 4647 4626
2 4653 4652
2 4624 4655
2 4657 4656
2 4659 4661
2 4663 4662
2 4664 4660
2 4658 4668
2 4670 4671
2 4669 4667
2 4666 4672
2 4665 4675
2 4676 4674
2 4679 4678
2 4677 4673
2 4654 4606
2 4681 4685
2 4684 4683
2 4682 4680
2 4686 4688
2 4690 4689
2 4692 4695
2 4696 4694
2 4693 4691
2 4697 4699
2 4698 4702
2 4703 4704
2 4706 4705
2 4701 4700
2 4708 4709
2 4711 4710
2 4713 4714
2 4717 4716
2 4718 4715
2 4712 4707
2 4720 4721
2 4719 4687
2 4603 4723
2 4725 4727
2 4726 4724
2 4728 4729
2 4731 4732
2 4734 4733
2 4736 4737
2 4739 4738
2 4742 4741
2 4740 4735
2 4730 4744
2 4747 4746
2 4745 4743
2 4722 4750
2 4752 4754
2 4753 4751
2 4758 4757
2 4756 4755
2 4749 4762
2 4763 4761
2 4764 4766
2 4767 4771
2 4770 4769
2 4768 4765
2 4774 4773
2 4775 4772
2 4777 4778
2 4780 4781
2 4783 4782
2 4779 4786
2 4788 4787
2 4790 4789
2 4792 4791
2 4793 4794
2 4796 4798
2 4797 4795
2 4785 4784
2 4776 4801
2 4802 4800
2 4804 4803
2 4808 4807
2 4806 4811
2 4810 4809
2 4805 4799
2 4760 4759
2 4814 4813
2 4816 4818
2 4819 4823
2 4822 4821
2 4820 4817
2 4826 4830
2 4829 4828
2 4827 4825
2 4824 4815
2 4833 4832
2 4834 4835
2 4837 4839
2 4841 4840
2 4842 4843
2 4845 4848
2 4847 4846
2 4844 4838
2 4836 4831
2 4851 4850
2 4852 4849
2 4812 4855
2 4857 4859
2 4858 4856
2 4861 4860
2 4854 4863
2 4862 4865
2 4867 4868
2 4866 4870
2 4871 4869
2 4874 4875
2 4877 4876
2 4873 4879
2 4880 4884
2 4883 4882
2 4886 4887
2 4885 4888
2 4881 4878
2 4872 4864
2 4853 4890
2 4892 4891
2 4894 4893
2 4896 4895
2 4898 4899
2 4902 4901
2 4900 4897
2 4889 4904
2 4907 4906
2 4908 4910
2 4912 4914
2 4913 4911
2 4916 4917
2 4918 4920
2 4919 4915
2 4909 4905
2 4903 4922
2 4923 4925
2 4926 4924
2 4929 4928
2 4930 4933
2 4932 4931
2 4927 4921
2 4748 4935
2 4940 4939
2 4938 4937
2 4936 4943
2 4942 4944
2 4946 4945
2 4949 4948
2 4951 4950
2 4953 4952
2 4954 4957
2 4959 4961
2 4960 4958
2 4956 4962
2 4964 4965
2 4966 4967
2 4963 4955
